Drill report for Z80Computer.kicad_pcb
Created on 04/11/2023 10:57:55

Copper Layer Stackup:
    =============================================================
    L1 :  F.Cu                      front
    L2 :  B.Cu                      back


Drill file 'Z80Computer-PTH.drl' contains
    plated through holes:
    =============================================================
    T1  0.400mm  0.0157"  (46 holes)
    T2  0.600mm  0.0236"  (4 holes)
    T3  0.700mm  0.0276"  (20 holes)
    T4  0.800mm  0.0315"  (234 holes)
    T5  0.900mm  0.0354"  (5 holes)
    T6  0.950mm  0.0374"  (16 holes)
    T7  1.000mm  0.0394"  (16 holes)
    T8  1.143mm  0.0450"  (5 holes)
    T9  1.500mm  0.0591"  (1 hole)
    T10  1.700mm  0.0669"  (4 holes)
    T11  3.000mm  0.1181"  (4 holes)

    Total plated holes count 355


Drill file 'Z80Computer-NPTH.drl' contains
    unplated through holes:
    =============================================================

    Total unplated holes count 0
